<?xml version="1.0" encoding="UTF-8"?>
<!-- Generated by org.testng.reporters.JUnitReportReporter -->
<testsuite skipped="0" hostname="WN-OHA00SA4L897" name="Test.Demo.NG.NewTest" tests="1" failures="0" timestamp="14 Aug 2019 12:51:45 GMT" time="0.017" errors="0">
  <testcase name="Display" time="0.017" classname="Test.Demo.NG.NewTest"/>
</testsuite> <!-- Test.Demo.NG.NewTest -->
